[I 2025-01-19 12:46:56,747] Trial 62 finished with value: 0.014116824435686732 and parameters: {'learning_rate': 0.08351970436350042, 'max_depth': 6, 'min_child_weight': 0.338248489854618, 'gamma': 0.014790413123227084, 
'subsample': 0.8754975576864451, 'colsample_bytree': 0.7874205372935686}. Best is trial 59 with value: 0.014009280082767769.
[I 2025-01-19 12:46:57,598] Trial 63 finished with value: 0.014163986256470685 and parameters: {'learning_rate': 0.08796806817528871, 'max_depth': 6, 'min_child_weight': 0.4419850078439885, 'gamma': 0.028803520340031308, 'subsample': 0.8738456947299889, 'colsample_bytree': 0.7882873872606918}. Best is trial 59 with value: 0.014009280082767769.
[I 2025-01-19 12:46:58,498] Trial 64 finished with value: 0.014031803261102625 and parameters: {'learning_rate': 0.09452485091227657, 'max_depth': 6, 'min_child_weight': 0.38152482196968446, 'gamma': 0.01624742678247039, 'subsample': 0.8706475120474225, 'colsample_bytree': 0.7873036708522803}. Best is trial 59 with value: 0.014009280082767769.
[I 2025-01-19 12:46:59,367] Trial 65 finished with value: 0.014017104956270052 and parameters: {'learning_rate': 0.099289135829575, 'max_depth': 6, 'min_child_weight': 0.34409175207299614, 'gamma': 0.01583644782802892, 'subsample': 0.8667358394541939, 'colsample_bytree': 0.7412593423321973}. Best is trial 59 with value: 0.014009280082767769.
[I 2025-01-19 12:47:00,252] Trial 66 finished with value: 0.014023096721926264 and parameters: {'learning_rate': 0.0989548716024296, 'max_depth': 6, 'min_child_weight': 0.40199537227509874, 'gamma': 0.013902223763646662, 'subsample': 0.8661142555785558, 'colsample_bytree': 0.7306879976178415}. Best is trial 59 with value: 0.014009280082767769.
[I 2025-01-19 12:47:01,093] Trial 67 finished with value: 0.014693559875142346 and parameters: {'learning_rate': 0.05611592925306259, 'max_depth': 6, 'min_child_weight': 1.208975346319832, 'gamma': 0.056953543641973546, 
'subsample': 0.8620700543743333, 'colsample_bytree': 0.737010333091668}. Best is trial 59 with value: 0.014009280082767769.
[I 2025-01-19 12:47:01,948] Trial 68 finished with value: 0.014036718079417213 and parameters: {'learning_rate': 0.09778151342078285, 'max_depth': 6, 'min_child_weight': 0.36049002552000275, 'gamma': 0.015235262550789257, 'subsample': 0.8373976214222811, 'colsample_bytree': 0.7291348183886597}. Best is trial 59 with value: 0.014009280082767769.
[I 2025-01-19 12:47:02,735] Trial 69 finished with value: 0.014166702497790529 and parameters: {'learning_rate': 0.09919465110711898, 'max_depth': 6, 'min_child_weight': 0.45842473102417497, 'gamma': 0.030437373883984892, 'subsample': 0.8329580834957429, 'colsample_bytree': 0.7211165740020699}. Best is trial 59 with value: 0.014009280082767769.
[I 2025-01-19 12:47:03,613] Trial 70 finished with value: 0.01404064338473943 and parameters: {'learning_rate': 0.09946472776120018, 'max_depth': 6, 'min_child_weight': 0.24057978770793675, 'gamma': 0.015405362749215779, 'subsample': 0.8435162909368997, 'colsample_bytree': 0.7176019494132747}. Best is trial 59 with value: 0.014009280082767769.
[I 2025-01-19 12:47:04,466] Trial 71 finished with value: 0.014058266187147997 and parameters: {'learning_rate': 0.09822826733414289, 'max_depth': 6, 'min_child_weight': 0.24051401775828912, 'gamma': 0.013548747968728401, 'subsample': 0.8425125035202186, 'colsample_bytree': 0.7166485338437304}. Best is trial 59 with value: 0.014009280082767769.
[I 2025-01-19 12:47:05,317] Trial 72 finished with value: 0.014015633543950471 and parameters: {'learning_rate': 0.09790904937824117, 'max_depth': 6, 'min_child_weight': 0.23134431101266603, 'gamma': 0.008391873538787717, 'subsample': 0.8632779827083656, 'colsample_bytree': 0.7103868610453299}. Best is trial 59 with value: 0.014009280082767769.
[I 2025-01-19 12:47:06,212] Trial 73 finished with value: 0.014059994722179642 and parameters: {'learning_rate': 0.09809304617395691, 'max_depth': 6, 'min_child_weight': 0.22093685598461635, 'gamma': 0.01289426461426739, 'subsample': 0.8429769325951744, 'colsample_bytree': 0.7108631918515964}. Best is trial 59 with value: 0.014009280082767769.
[I 2025-01-19 12:47:07,104] Trial 74 finished with value: 0.014485375094274578 and parameters: {'learning_rate': 0.061620937281153955, 'max_depth': 6, 'min_child_weight': 0.21835778936154143, 'gamma': 0.015192542468126822, 'subsample': 0.8645260629596393, 'colsample_bytree': 0.6996087200516988}. Best is trial 59 with value: 0.014009280082767769.
[I 2025-01-19 12:47:07,851] Trial 75 finished with value: 0.01427369998659781 and parameters: {'learning_rate': 0.09890451932694264, 'max_depth': 6, 'min_child_weight': 1.3182335649227477, 'gamma': 0.03983287850664206, 'subsample': 0.8372683979450847, 'colsample_bytree': 0.6859968248281468}. Best is trial 59 with value: 0.014009280082767769.
[I 2025-01-19 12:47:08,724] Trial 76 finished with value: 0.014373025068556308 and parameters: {'learning_rate': 0.06596736808641107, 'max_depth': 6, 'min_child_weight': 0.4719153143632166, 'gamma': 0.0032964081921090385, 'subsample': 0.8471902868757025, 'colsample_bytree': 0.7483424287097074}. Best is trial 59 with value: 0.014009280082767769.
[I 2025-01-19 12:47:09,600] Trial 77 finished with value: 0.014375073211637297 and parameters: {'learning_rate': 0.06872091151789861, 'max_depth': 6, 'min_child_weight': 0.5560219418684212, 'gamma': 0.008752291146505787, 'subsample': 0.8248348610124462, 'colsample_bytree': 0.7321143862168964}. Best is trial 59 with value: 0.014009280082767769.
[I 2025-01-19 12:47:10,160] Trial 78 finished with value: 0.016827665959281566 and parameters: {'learning_rate': 0.09146042383359665, 'max_depth': 3, 'min_child_weight': 0.2279565194787899, 'gamma': 0.012889260095828386, 'subsample': 0.8548105407819262, 'colsample_bytree': 0.7507110893301014}. Best is trial 59 with value: 0.014009280082767769.
[I 2025-01-19 12:47:11,069] Trial 79 finished with value: 0.014608376510968964 and parameters: {'learning_rate': 0.05652942515880574, 'max_depth': 6, 'min_child_weight': 0.18968484224233406, 'gamma': 0.008166395509285367, 'subsample': 0.8638982020394644, 'colsample_bytree': 0.726445768964516}. Best is trial 59 with value: 0.014009280082767769.
[I 2025-01-19 12:47:11,818] Trial 80 finished with value: 0.015019466879753737 and parameters: {'learning_rate': 0.0691272696447311, 'max_depth': 5, 'min_child_weight': 0.38627008947623276, 'gamma': 0.027204653599032954, 'subsample': 0.8080100175819548, 'colsample_bytree': 0.7583974588972106}. Best is trial 59 with value: 0.014009280082767769.
[I 2025-01-19 12:47:12,674] Trial 81 finished with value: 0.014048342220253158 and parameters: {'learning_rate': 0.09668780107510404, 'max_depth': 6, 'min_child_weight': 0.20458144710902063, 'gamma': 0.013843244782088206, 'subsample': 0.8422467687932353, 'colsample_bytree': 0.7152983672188785}. Best is trial 59 with value: 0.014009280082767769.
[I 2025-01-19 12:47:13,519] Trial 82 finished with value: 0.014012118216957553 and parameters: {'learning_rate': 0.09998626247749175, 'max_depth': 6, 'min_child_weight': 0.1208186926986037, 'gamma': 0.015265738014268983, 'subsample': 0.8425933229984376, 'colsample_bytree': 0.7389628181214968}. Best is trial 59 with value: 0.014009280082767769.
[I 2025-01-19 12:47:14,387] Trial 83 finished with value: 0.014098698142300142 and parameters: {'learning_rate': 0.08872332785184582, 'max_depth': 6, 'min_child_weight': 0.11764709467178222, 'gamma': 0.00595170051448994, 'subsample': 0.8304344819898066, 'colsample_bytree': 0.7425662460999711}. Best is trial 59 with value: 0.014009280082767769.
[I 2025-01-19 12:47:15,263] Trial 84 finished with value: 0.014470904460458895 and parameters: {'learning_rate': 0.06170168750024997, 'max_depth': 6, 'min_child_weight': 0.053114345531451085, 'gamma': 0.0034806562580017653, 'subsample': 0.8500849741104906, 'colsample_bytree': 0.7381674397211646}. Best is trial 59 with value: 0.014009280082767769.
[I 2025-01-19 12:47:16,172] Trial 85 finished with value: 0.014341308715119558 and parameters: {'learning_rate': 0.0708283339192567, 'max_depth': 6, 'min_child_weight': 0.15598861652252344, 'gamma': 0.01669287381266248, 
'subsample': 0.8697529710789355, 'colsample_bytree': 0.705852588144583}. Best is trial 59 with value: 0.014009280082767769.
[I 2025-01-19 12:47:17,051] Trial 86 finished with value: 0.014315070620269701 and parameters: {'learning_rate': 0.07059171349022697, 'max_depth': 6, 'min_child_weight': 0.5529337053260611, 'gamma': 0.0096570162137176, 'subsample': 0.8867054905454573, 'colsample_bytree': 0.7300556097755078}. Best is trial 59 with value: 0.014009280082767769.
[I 2025-01-19 12:47:17,696] Trial 87 finished with value: 0.015701988929856102 and parameters: {'learning_rate': 0.08655916269073971, 'max_depth': 4, 'min_child_weight': 0.3612846136657167, 'gamma': 0.005658088779138192, 'subsample': 0.8607013004467869, 'colsample_bytree': 0.6954254090833865}. Best is trial 59 with value: 0.014009280082767769.
[I 2025-01-19 12:47:18,519] Trial 88 finished with value: 0.014126907707191817 and parameters: {'learning_rate': 0.09925048069221334, 'max_depth': 6, 'min_child_weight': 0.09077202635140089, 'gamma': 0.028360855991110857, 'subsample': 0.8214585800222411, 'colsample_bytree': 0.7200455186261662}. Best is trial 59 with value: 0.014009280082767769.
[I 2025-01-19 12:47:19,419] Trial 89 finished with value: 0.014067295187807059 and parameters: {'learning_rate': 0.08941420314902726, 'max_depth': 6, 'min_child_weight': 0.13670223348252455, 'gamma': 0.008524501930300283, 'subsample': 0.8706446943294455, 'colsample_bytree': 0.7562608031938095}. Best is trial 59 with value: 0.014009280082767769.
[I 2025-01-19 12:47:20,278] Trial 90 finished with value: 0.014595451044071815 and parameters: {'learning_rate': 0.0587662596882853, 'max_depth': 6, 'min_child_weight': 0.07915828895034788, 'gamma': 0.045764526690026855, 'subsample': 0.8379424171945511, 'colsample_bytree': 0.7432653704191188}. Best is trial 59 with value: 0.014009280082767769.
[I 2025-01-19 12:47:21,130] Trial 91 finished with value: 0.014104256668739953 and parameters: {'learning_rate': 0.09071850782774497, 'max_depth': 6, 'min_child_weight': 0.19318530459773536, 'gamma': 0.013058458762014382, 'subsample': 0.8505423854924324, 'colsample_bytree': 0.716056480105492}. Best is trial 59 with value: 0.014009280082767769.
[I 2025-01-19 12:47:21,996] Trial 92 finished with value: 0.0142812069528895 and parameters: {'learning_rate': 0.07418301153964668, 'max_depth': 6, 'min_child_weight': 0.2881079458646334, 'gamma': 0.017580642241362975, 'subsample': 0.8395591640155694, 'colsample_bytree': 0.7250135974215514}. Best is trial 59 with value: 0.014009280082767769.
[I 2025-01-19 12:47:22,868] Trial 93 finished with value: 0.014039039076600663 and parameters: {'learning_rate': 0.0989387718315201, 'max_depth': 6, 'min_child_weight': 0.2531798503232325, 'gamma': 0.011588475108520728, 
'subsample': 0.8144743613456265, 'colsample_bytree': 0.6896923642763263}. Best is trial 59 with value: 0.014009280082767769.
[I 2025-01-19 12:47:23,741] Trial 94 finished with value: 0.014273885365794044 and parameters: {'learning_rate': 0.07626540540433548, 'max_depth': 6, 'min_child_weight': 0.4230071200189949, 'gamma': 0.023475382534876982, 'subsample': 0.8004752243100017, 'colsample_bytree': 0.6778829143386167}. Best is trial 59 with value: 0.014009280082767769.
[I 2025-01-19 12:47:24,638] Trial 95 finished with value: 0.014114376327477748 and parameters: {'learning_rate': 0.0891832326945281, 'max_depth': 6, 'min_child_weight': 0.1810234143315786, 'gamma': 0.008617302141926748, 
'subsample': 0.8136637670433383, 'colsample_bytree': 0.7327999147135635}. Best is trial 59 with value: 0.014009280082767769.
[I 2025-01-19 12:47:25,582] Trial 96 finished with value: 0.014176348534032792 and parameters: {'learning_rate': 0.0812300925964101, 'max_depth': 6, 'min_child_weight': 0.2577380683845988, 'gamma': 0.01075602828183139, 'subsample': 0.830419192045867, 'colsample_bytree': 0.7054726671436004}. Best is trial 59 with value: 0.014009280082767769.
[I 2025-01-19 12:47:26,583] Trial 97 finished with value: 0.014329761866413854 and parameters: {'learning_rate': 0.0694480899472308, 'max_depth': 6, 'min_child_weight': 0.12432459117255733, 'gamma': 0.004395724514713909, 'subsample': 0.859207537152296, 'colsample_bytree': 0.7743565445611948}. Best is trial 59 with value: 0.014009280082767769.
[I 2025-01-19 12:47:27,605] Trial 98 finished with value: 0.014013819396092142 and parameters: {'learning_rate': 0.09957959382338756, 'max_depth': 6, 'min_child_weight': 0.6643551666729791, 'gamma': 0.018178477534696046, 'subsample': 0.8843440567944247, 'colsample_bytree': 0.7518147944252801}. Best is trial 59 with value: 0.014009280082767769.
[I 2025-01-19 12:47:28,791] Trial 99 finished with value: 0.01427546605482014 and parameters: {'learning_rate': 0.08053935833737297, 'max_depth': 6, 'min_child_weight': 0.720698234259861, 'gamma': 0.03178165520189027, 'subsample': 0.8851385118931068, 'colsample_bytree': 0.7639080899467358}. Best is trial 59 with value: 0.014009280082767769.
Best trial: 59. Best value: 0.0140093: 100%|█████████████████████████████████████████████████████████████████████████████████████████████████████████████████████████████████████████████| 100/100 [01:25<00:00,  1.17it/s] 
2025-01-19 12:47:28,801 - __main__ - INFO - Sucesso! Tunning Finalizado.