D:\meli_case_solution>python src/models/tunning_reg.py
2025-01-19 12:46:03,116 - __main__ - INFO - Iniciando o tunning
2025-01-19 12:46:03,117 - __main__ - INFO - Lendo a base de treino encodada
2025-01-19 12:46:03,156 - __main__ - INFO - Sucesso! Base de treino lida. Shape: (49407, 13)
2025-01-19 12:46:03,172 - __main__ - INFO - Iniciando o Optuna
[I 2025-01-19 12:46:03,173] A new study created in memory with name: XGBoost Regressor
[I 2025-01-19 12:46:04,226] Trial 0 finished with value: 0.021346185772421724 and parameters: {'learning_rate': 0.002033881681364998, 'max_depth': 5, 'min_child_weight': 0.020728843654523807, 'gamma': 0.46633387787501157, 'subsample': 0.6058299849941678, 'colsample_bytree': 0.967498803239954}. Best is trial 0 with value: 0.021346185772421724.
[I 2025-01-19 12:46:04,837] Trial 1 finished with value: 0.017341075385479503 and parameters: {'learning_rate': 0.06330378944804212, 'max_depth': 3, 'min_child_weight': 60.91814655419528, 'gamma': 0.004853405822151018, 'subsample': 0.7135313411831783, 'colsample_bytree': 0.8424332737435316}. Best is trial 1 with value: 0.017341075385479503.
[I 2025-01-19 12:46:05,428] Trial 2 finished with value: 0.016039438721596244 and parameters: {'learning_rate': 0.07734821079088795, 'max_depth': 6, 'min_child_weight': 0.001026351609241658, 'gamma': 0.40376636320993786, 'subsample': 0.8208150533058266, 'colsample_bytree': 0.7941509654650839}. Best is trial 2 with value: 0.016039438721596244.
[I 2025-01-19 12:46:06,084] Trial 3 finished with value: 0.0182293949938055 and parameters: {'learning_rate': 0.03437702643675649, 'max_depth': 3, 'min_child_weight': 6.649703047992102, 'gamma': 0.001270717437980068, 'subsample': 0.6540840713476467, 'colsample_bytree': 0.6465092069606759}. Best is trial 2 with value: 0.016039438721596244.
[I 2025-01-19 12:46:06,755] Trial 4 finished with value: 0.021555322634591482 and parameters: {'learning_rate': 0.0041667281719667045, 'max_depth': 5, 'min_child_weight': 0.2270643173895111, 'gamma': 12.0459620391609, 'subsample': 0.7158347134122214, 'colsample_bytree': 0.8932503910450682}. Best is trial 2 with value: 0.016039438721596244.
[I 2025-01-19 12:46:07,215] Trial 5 finished with value: 0.022795876383174946 and parameters: {'learning_rate': 0.025424048626899936, 'max_depth': 4, 'min_child_weight': 0.0471235115269571, 'gamma': 77.676633512165, 'subsample': 0.849832844694141, 'colsample_bytree': 0.9801254098798101}. Best is trial 2 with value: 0.016039438721596244.
[I 2025-01-19 12:46:08,271] Trial 6 finished with value: 0.015538257321604607 and parameters: {'learning_rate': 0.03427293531085752, 'max_depth': 6, 'min_child_weight': 0.10794474607098499, 'gamma': 0.18052695510905759, 
'subsample': 0.7602526509446694, 'colsample_bytree': 0.9980552641354234}. Best is trial 6 with value: 0.015538257321604607.
[I 2025-01-19 12:46:09,261] Trial 7 finished with value: 0.021012491356252917 and parameters: {'learning_rate': 0.0022653137020105887, 'max_depth': 6, 'min_child_weight': 0.1248105656066717, 'gamma': 0.13190529597793005, 'subsample': 0.7852595478909383, 'colsample_bytree': 0.7494892595295661}. Best is trial 6 with value: 0.015538257321604607.
[I 2025-01-19 12:46:10,040] Trial 8 finished with value: 0.020336639813583565 and parameters: {'learning_rate': 0.008531319375256832, 'max_depth': 3, 'min_child_weight': 0.0026385379722280635, 'gamma': 4.598365527632819, 'subsample': 0.854479997533147, 'colsample_bytree': 0.611163115544613}. Best is trial 6 with value: 0.015538257321604607.
[I 2025-01-19 12:46:10,836] Trial 9 finished with value: 0.02118318133432635 and parameters: {'learning_rate': 0.00398419072065816, 'max_depth': 3, 'min_child_weight': 0.0018840827211998525, 'gamma': 0.41326664439543825, 'subsample': 0.766547862917844, 'colsample_bytree': 0.6192874999302281}. Best is trial 6 with value: 0.015538257321604607.
[I 2025-01-19 12:46:12,041] Trial 10 finished with value: 0.016474788666944584 and parameters: {'learning_rate': 0.017243609857041785, 'max_depth': 6, 'min_child_weight': 1.8551499078939895, 'gamma': 0.027486541369014718, 'subsample': 0.9272175962741115, 'colsample_bytree': 0.9150216277677004}. Best is trial 6 with value: 0.015538257321604607.
[I 2025-01-19 12:46:12,722] Trial 11 finished with value: 0.014557123508724725 and parameters: {'learning_rate': 0.09845022200063988, 'max_depth': 6, 'min_child_weight': 0.008099458928705176, 'gamma': 0.05719496401019996, 'subsample': 0.9446601774677853, 'colsample_bytree': 0.7831367964162479}. Best is trial 11 with value: 0.014557123508724725.
[I 2025-01-19 12:46:13,446] Trial 12 finished with value: 0.014589233166126887 and parameters: {'learning_rate': 0.09841276296734223, 'max_depth': 5, 'min_child_weight': 0.015363147012125683, 'gamma': 0.032739513716026854, 'subsample': 0.9723224792736862, 'colsample_bytree': 0.9952597364944736}. Best is trial 11 with value: 0.014557123508724725.
[I 2025-01-19 12:46:14,206] Trial 13 finished with value: 0.015223182535451917 and parameters: {'learning_rate': 0.06160687916280549, 'max_depth': 5, 'min_child_weight': 0.012872817694302192, 'gamma': 0.02252722987573363, 'subsample': 0.99972467382449, 'colsample_bytree': 0.7432571083036352}. Best is trial 11 with value: 0.014557123508724725.
[I 2025-01-19 12:46:14,869] Trial 14 finished with value: 0.015593574702254448 and parameters: {'learning_rate': 0.08699301023543965, 'max_depth': 4, 'min_child_weight': 0.00932075101208044, 'gamma': 0.0385680190824125, 
'subsample': 0.9684347690103828, 'colsample_bytree': 0.8370774497641131}. Best is trial 11 with value: 0.014557123508724725.
[I 2025-01-19 12:46:15,624] Trial 15 finished with value: 0.014570961889827224 and parameters: {'learning_rate': 0.09421772767214813, 'max_depth': 5, 'min_child_weight': 0.006403268609098902, 'gamma': 0.006679469792956262, 'subsample': 0.912916454568579, 'colsample_bytree': 0.9216344278497175}. Best is trial 11 with value: 0.014557123508724725.
[I 2025-01-19 12:46:16,349] Trial 16 finished with value: 0.016593517960201486 and parameters: {'learning_rate': 0.0450303638007977, 'max_depth': 4, 'min_child_weight': 0.004521186453620571, 'gamma': 0.004732834392026334, 'subsample': 0.9049520612942046, 'colsample_bytree': 0.9335874826182875}. Best is trial 11 with value: 0.014557123508724725.
[I 2025-01-19 12:46:17,305] Trial 17 finished with value: 0.01634397187791244 and parameters: {'learning_rate': 0.0184430861593499, 'max_depth': 6, 'min_child_weight': 0.046162615851760104, 'gamma': 0.0011381410754114933, 'subsample': 0.9070406947615874, 'colsample_bytree': 0.9034592851424639}. Best is trial 11 with value: 0.014557123508724725.
[I 2025-01-19 12:46:18,161] Trial 18 finished with value: 0.015465982344659812 and parameters: {'learning_rate': 0.050116744880088736, 'max_depth': 5, 'min_child_weight': 0.004104793913496738, 'gamma': 0.004962358806099375, 'subsample': 0.8824031589771804, 'colsample_bytree': 0.856146471248714}. Best is trial 11 with value: 0.014557123508724725.
[I 2025-01-19 12:46:18,805] Trial 19 finished with value: 0.014863473684979575 and parameters: {'learning_rate': 0.08856232403871399, 'max_depth': 6, 'min_child_weight': 0.0010030173769296513, 'gamma': 0.09219836572301131, 'subsample': 0.9388507070253714, 'colsample_bytree': 0.7880520672420186}. Best is trial 11 with value: 0.014557123508724725.
[I 2025-01-19 12:46:19,593] Trial 20 finished with value: 0.021966513479584067 and parameters: {'learning_rate': 0.0010641263342109372, 'max_depth': 5, 'min_child_weight': 0.5302429149630713, 'gamma': 0.007918224006255291, 'subsample': 0.8783647883900485, 'colsample_bytree': 0.883809045050765}. Best is trial 11 with value: 0.014557123508724725.
[I 2025-01-19 12:46:20,461] Trial 21 finished with value: 0.014512345680287567 and parameters: {'learning_rate': 0.09975539938620646, 'max_depth': 5, 'min_child_weight': 0.011815069734536814, 'gamma': 0.016573491535102746, 'subsample': 0.9548353774007424, 'colsample_bytree': 0.967325198283702}. Best is trial 21 with value: 0.014512345680287567.
[I 2025-01-19 12:46:21,152] Trial 22 finished with value: 0.016239904874759337 and parameters: {'learning_rate': 0.05748393170877753, 'max_depth': 4, 'min_child_weight': 0.00617462393292183, 'gamma': 0.014381519321854013, 'subsample': 0.9460735975315895, 'colsample_bytree': 0.9350740679604483}. Best is trial 21 with value: 0.014512345680287567.
[I 2025-01-19 12:46:21,768] Trial 23 finished with value: 0.015363775179047513 and parameters: {'learning_rate': 0.09832265073762651, 'max_depth': 5, 'min_child_weight': 0.02622652968474498, 'gamma': 0.09262793922169733, 'subsample': 0.9970194725816349, 'colsample_bytree': 0.9648022224749142}. Best is trial 21 with value: 0.014512345680287567.
[I 2025-01-19 12:46:22,538] Trial 24 finished with value: 0.01555900325057552 and parameters: {'learning_rate': 0.04639516651719431, 'max_depth': 5, 'min_child_weight': 0.006213922653356268, 'gamma': 0.01156801163604372, 'subsample': 0.9566256465650405, 'colsample_bytree': 0.9460917989348108}. Best is trial 21 with value: 0.014512345680287567.
[I 2025-01-19 12:46:23,472] Trial 25 finished with value: 0.014410062388548917 and parameters: {'learning_rate': 0.059768331628591555, 'max_depth': 6, 'min_child_weight': 0.002509913765762302, 'gamma': 0.0024890754829736167, 'subsample': 0.9087522118604842, 'colsample_bytree': 0.9433430555626325}. Best is trial 25 with value: 0.014410062388548917.
[I 2025-01-19 12:46:24,385] Trial 26 finished with value: 0.01499059494967494 and parameters: {'learning_rate': 0.039115828835355054, 'max_depth': 6, 'min_child_weight': 0.0023051496227677023, 'gamma': 0.0020853614381622625, 'subsample': 0.9313047434989802, 'colsample_bytree': 0.9715940262321757}. Best is trial 25 with value: 0.014410062388548917.
[I 2025-01-19 12:46:25,315] Trial 27 finished with value: 0.014329866881062905 and parameters: {'learning_rate': 0.06586079911561203, 'max_depth': 6, 'min_child_weight': 0.030215919662583718, 'gamma': 0.0028952956173516156, 'subsample': 0.9729761378986672, 'colsample_bytree': 0.8843179911126605}. Best is trial 27 with value: 0.014329866881062905.
[I 2025-01-19 12:46:26,331] Trial 28 finished with value: 0.014339639573825138 and parameters: {'learning_rate': 0.06426209898938468, 'max_depth': 6, 'min_child_weight': 0.03976388186254972, 'gamma': 0.002024590018520583, 'subsample': 0.9778002346691411, 'colsample_bytree': 0.9555384567869243}. Best is trial 27 with value: 0.014329866881062905.
[I 2025-01-19 12:46:27,613] Trial 29 finished with value: 0.015681619279045714 and parameters: {'learning_rate': 0.02694192638744511, 'max_depth': 6, 'min_child_weight': 0.030825687630737862, 'gamma': 0.002579801461266347, 'subsample': 0.9833646509407099, 'colsample_bytree': 0.9484415094568011}. Best is trial 27 with value: 0.014329866881062905.
[I 2025-01-19 12:46:28,653] Trial 30 finished with value: 0.014379213511949656 and parameters: {'learning_rate': 0.0627090569082118, 'max_depth': 6, 'min_child_weight': 0.021457830905547287, 'gamma': 0.00265690376199193, 'subsample': 0.9786536608990954, 'colsample_bytree': 0.8741588829682626}. Best is trial 27 with value: 0.014329866881062905.
[I 2025-01-19 12:46:29,543] Trial 31 finished with value: 0.014376552558930672 and parameters: {'learning_rate': 0.0639703907441609, 'max_depth': 6, 'min_child_weight': 0.02562772378463351, 'gamma': 0.002175711574216243, 'subsample': 0.9851407014301544, 'colsample_bytree': 0.8906801208044328}. Best is trial 27 with value: 0.014329866881062905.
[I 2025-01-19 12:46:30,415] Trial 32 finished with value: 0.014357732861061862 and parameters: {'learning_rate': 0.06545720246643127, 'max_depth': 6, 'min_child_weight': 0.0613631939178146, 'gamma': 0.0010300218268334787, 'subsample': 0.9784631146573884, 'colsample_bytree': 0.8784226867773377}. Best is trial 27 with value: 0.014329866881062905.
[I 2025-01-19 12:46:31,287] Trial 33 finished with value: 0.0142875209087278 and parameters: {'learning_rate': 0.07010638765610837, 'max_depth': 6, 'min_child_weight': 0.06321071578412212, 'gamma': 0.0011909647408999031, 'subsample': 0.9996824486323848, 'colsample_bytree': 0.9093984344316617}. Best is trial 33 with value: 0.0142875209087278.
[I 2025-01-19 12:46:32,179] Trial 34 finished with value: 0.01483856179636837 and parameters: {'learning_rate': 0.04429497180212951, 'max_depth': 6, 'min_child_weight': 0.06966004676707675, 'gamma': 0.0010714027686778477, 'subsample': 0.9701987962092117, 'colsample_bytree': 0.9089291544313512}. Best is trial 33 with value: 0.0142875209087278.
[I 2025-01-19 12:46:33,052] Trial 35 finished with value: 0.014303166940165882 and parameters: {'learning_rate': 0.06985973092335597, 'max_depth': 6, 'min_child_weight': 0.1783266308684136, 'gamma': 0.0011017963896802502, 'subsample': 0.9984559016764442, 'colsample_bytree': 0.8441267397810055}. Best is trial 33 with value: 0.0142875209087278.
[I 2025-01-19 12:46:34,021] Trial 36 finished with value: 0.0142251574478427 and parameters: {'learning_rate': 0.07305598990179482, 'max_depth': 6, 'min_child_weight': 0.19130614660653864, 'gamma': 0.004330714899448281, 
'subsample': 0.9955800398585778, 'colsample_bytree': 0.8429054245524003}. Best is trial 36 with value: 0.0142251574478427.
[I 2025-01-19 12:46:35,070] Trial 37 finished with value: 0.015314496704517034 and parameters: {'learning_rate': 0.03362875209361471, 'max_depth': 6, 'min_child_weight': 0.2686695959632601, 'gamma': 0.004410209829260128, 'subsample': 0.9951979878460451, 'colsample_bytree': 0.8301977744732775}. Best is trial 36 with value: 0.0142251574478427.
[I 2025-01-19 12:46:36,062] Trial 38 finished with value: 0.01417925059132712 and parameters: {'learning_rate': 0.07647764908953228, 'max_depth': 6, 'min_child_weight': 0.14912626836077775, 'gamma': 0.010579481922992729, 'subsample': 0.9990613024214091, 'colsample_bytree': 0.8609575283604018}. Best is trial 38 with value: 0.01417925059132712.
[I 2025-01-19 12:46:37,001] Trial 39 finished with value: 0.014270528789189805 and parameters: {'learning_rate': 0.07402109562420521, 'max_depth': 6, 'min_child_weight': 0.1419023794300152, 'gamma': 0.011040676399740972, 'subsample': 0.9979501522912818, 'colsample_bytree': 0.8189520391079778}. Best is trial 38 with value: 0.01417925059132712.
[I 2025-01-19 12:46:37,876] Trial 40 finished with value: 0.014888661000191206 and parameters: {'learning_rate': 0.07736347303216515, 'max_depth': 5, 'min_child_weight': 0.44774351761679737, 'gamma': 0.009852976711968041, 'subsample': 0.9596508634603553, 'colsample_bytree': 0.8192809499993521}. Best is trial 38 with value: 0.01417925059132712.
[I 2025-01-19 12:46:39,055] Trial 41 finished with value: 0.01417104652648694 and parameters: {'learning_rate': 0.07478713023881181, 'max_depth': 6, 'min_child_weight': 0.1455686918944828, 'gamma': 0.0071178801625473515, 'subsample': 0.9549336986691233, 'colsample_bytree': 0.8582180529790412}. Best is trial 41 with value: 0.01417104652648694.
[I 2025-01-19 12:46:39,998] Trial 42 finished with value: 0.014620884192984662 and parameters: {'learning_rate': 0.0532466029012578, 'max_depth': 6, 'min_child_weight': 0.17705336225331583, 'gamma': 0.010234791914715418, 'subsample': 0.9546193478251435, 'colsample_bytree': 0.8137394501727911}. Best is trial 41 with value: 0.01417104652648694.
[I 2025-01-19 12:46:40,901] Trial 43 finished with value: 0.014170735733543 and parameters: {'learning_rate': 0.07673128592273114, 'max_depth': 6, 'min_child_weight': 0.08122924352438411, 'gamma': 0.006570466117606756, 'subsample': 0.9280463448402333, 'colsample_bytree': 0.8605469762100584}. Best is trial 43 with value: 0.014170735733543.
[I 2025-01-19 12:46:41,887] Trial 44 finished with value: 0.014136675059618112 and parameters: {'learning_rate': 0.07870498684517442, 'max_depth': 6, 'min_child_weight': 0.10615645651899268, 'gamma': 0.019978187054689737, 'subsample': 0.9321794478807781, 'colsample_bytree': 0.8491564320841571}. Best is trial 44 with value: 0.014136675059618112.
[I 2025-01-19 12:46:42,802] Trial 45 finished with value: 0.0150914939072501 and parameters: {'learning_rate': 0.037258079610747674, 'max_depth': 6, 'min_child_weight': 0.0855959287653621, 'gamma': 0.019274272543088795, 
'subsample': 0.9233903817050558, 'colsample_bytree': 0.862061659947821}. Best is trial 44 with value: 0.014136675059618112.
[I 2025-01-19 12:46:43,612] Trial 46 finished with value: 0.014285544319448954 and parameters: {'learning_rate': 0.0789532828465202, 'max_depth': 6, 'min_child_weight': 0.3568572522263473, 'gamma': 0.0370092737346247, 'subsample': 0.937555504312766, 'colsample_bytree': 0.8544377385127948}. Best is trial 44 with value: 0.014136675059618112.
[I 2025-01-19 12:46:44,274] Trial 47 finished with value: 0.017520952396585833 and parameters: {'learning_rate': 0.053935424028100365, 'max_depth': 3, 'min_child_weight': 0.10652847479339471, 'gamma': 0.005419645772558454, 'subsample': 0.817766355081946, 'colsample_bytree': 0.8669179933295833}. Best is trial 44 with value: 0.014136675059618112.
[I 2025-01-19 12:46:45,306] Trial 48 finished with value: 0.015447608560206726 and parameters: {'learning_rate': 0.030509660139144426, 'max_depth': 6, 'min_child_weight': 0.6204995049995987, 'gamma': 0.015344054262511434, 'subsample': 0.9449699395216012, 'colsample_bytree': 0.841531023437302}. Best is trial 44 with value: 0.014136675059618112.
[I 2025-01-19 12:46:46,235] Trial 49 finished with value: 0.014847286640540561 and parameters: {'learning_rate': 0.044903593282206396, 'max_depth': 6, 'min_child_weight': 0.24174583424484458, 'gamma': 0.02730617182853074, 'subsample': 0.923713242082058, 'colsample_bytree': 0.8023784676974062}. Best is trial 44 with value: 0.014136675059618112.
[I 2025-01-19 12:46:46,891] Trial 50 finished with value: 0.016800919892597993 and parameters: {'learning_rate': 0.04027665305414837, 'max_depth': 4, 'min_child_weight': 0.10804568244567736, 'gamma': 0.007195829793718246, 'subsample': 0.8885054886253492, 'colsample_bytree': 0.8656005300742358}. Best is trial 44 with value: 0.014136675059618112.
[I 2025-01-19 12:46:47,760] Trial 51 finished with value: 0.014166201280193025 and parameters: {'learning_rate': 0.08079325720898872, 'max_depth': 6, 'min_child_weight': 0.15394257985082727, 'gamma': 0.01045360464288867, 'subsample': 0.9536050530618906, 'colsample_bytree': 0.8316025283845598}. Best is trial 44 with value: 0.014136675059618112.
[I 2025-01-19 12:46:48,693] Trial 52 finished with value: 0.014168946426486837 and parameters: {'learning_rate': 0.07797641778257522, 'max_depth': 6, 'min_child_weight': 0.7390343969334322, 'gamma': 0.004607112755664172, 'subsample': 0.9623255944731416, 'colsample_bytree': 0.8472237347533892}. Best is trial 44 with value: 0.014136675059618112.
[I 2025-01-19 12:46:49,375] Trial 53 finished with value: 0.014559510539739912 and parameters: {'learning_rate': 0.08691428818204196, 'max_depth': 6, 'min_child_weight': 0.8779310614746042, 'gamma': 0.05776318348100282, 
'subsample': 0.9609093172006147, 'colsample_bytree': 0.8976612962518034}. Best is trial 44 with value: 0.014136675059618112.
[I 2025-01-19 12:46:50,217] Trial 54 finished with value: 0.014114489357149831 and parameters: {'learning_rate': 0.08199578167547275, 'max_depth': 6, 'min_child_weight': 0.29778508832469336, 'gamma': 0.021377402689430024, 'subsample': 0.9307050219876959, 'colsample_bytree': 0.8550565583917217}. Best is trial 54 with value: 0.014114489357149831.
[I 2025-01-19 12:46:50,959] Trial 55 finished with value: 0.01548575588974819 and parameters: {'learning_rate': 0.04963748486266542, 'max_depth': 5, 'min_child_weight': 1.8704408248693063, 'gamma': 0.02167647047509762, 'subsample': 0.9211570397269351, 'colsample_bytree': 0.8311672661144549}. Best is trial 54 with value: 0.014114489357149831.
[I 2025-01-19 12:46:51,881] Trial 56 finished with value: 0.01409940297427147 and parameters: {'learning_rate': 0.08417617113176618, 'max_depth': 6, 'min_child_weight': 0.3111307135377184, 'gamma': 0.0069407504570320475, 'subsample': 0.8954991704460102, 'colsample_bytree': 0.770403043561053}. Best is trial 56 with value: 0.01409940297427147.
[I 2025-01-19 12:46:52,496] Trial 57 finished with value: 0.015699495592607998 and parameters: {'learning_rate': 0.08742620498002719, 'max_depth': 6, 'min_child_weight': 0.28084104806306076, 'gamma': 0.29379038508209143, 'subsample': 0.902007835228949, 'colsample_bytree': 0.7735320617043965}. Best is trial 56 with value: 0.01409940297427147.
[I 2025-01-19 12:46:53,364] Trial 58 finished with value: 0.015379944583099667 and parameters: {'learning_rate': 0.054521410457605515, 'max_depth': 5, 'min_child_weight': 0.6577069834944514, 'gamma': 0.04469847322040474, 'subsample': 0.8544112802339874, 'colsample_bytree': 0.8051047278027784}. Best is trial 56 with value: 0.01409940297427147.
[I 2025-01-19 12:46:54,213] Trial 59 finished with value: 0.014009280082767769 and parameters: {'learning_rate': 0.098694706838129, 'max_depth': 6, 'min_child_weight': 0.3739274191106747, 'gamma': 0.018384844147223196, 'subsample': 0.8705892542470501, 'colsample_bytree': 0.7632195615539936}. Best is trial 59 with value: 0.014009280082767769.
[I 2025-01-19 12:46:54,933] Trial 60 finished with value: 0.01458009486300262 and parameters: {'learning_rate': 0.09745253078388333, 'max_depth': 5, 'min_child_weight': 0.914606795082982, 'gamma': 0.022326561772790094, 'subsample': 0.8970682251255522, 'colsample_bytree': 0.7626139009975296}. Best is trial 59 with value: 0.014009280082767769.
[I 2025-01-19 12:46:55,870] Trial 61 finished with value: 0.014132697085939472 and parameters: {'learning_rate': 0.0832723709197203, 'max_depth': 6, 'min_child_weight': 0.34856093338555516, 'gamma': 0.018782987117813187, 'subsample': 0.88107306366868, 'colsample_bytree': 0.790646808749905}. Best is trial 59 with value: 0.014009280082767769.
